# JRE version: OpenJDK Runtime Environment AdoptOpenJDK (14.0.2+12) (build 14.0.2+12)
# Java VM: OpenJDK 64-Bit Server VM AdoptOpenJDK (14.0.2+12, mixed mode, sharing, tiered, compressed oops, parallel gc, windows-amd64)
Heap:
 PSYoungGen      total 13312K, used 4209K [0x00000000eab00000, 0x00000000ebc00000, 0x0000000100000000)
  eden space 11776K, 26% used [0x00000000eab00000,0x00000000eae047b0,0x00000000eb680000)
  from space 1536K, 72% used [0x00000000eb900000,0x00000000eba18010,0x00000000eba80000)
  to   space 1536K, 0% used [0x00000000eba80000,0x00000000eba80000,0x00000000ebc00000)
 ParOldGen       total 244736K, used 237292K [0x00000000c0000000, 0x00000000cef00000, 0x00000000eab00000)
  object space 244736K, 96% used [0x00000000c0000000,0x00000000ce7bb1d0,0x00000000cef00000)
 Metaspace       used 64112K, capacity 67019K, committed 67288K, reserved 1110016K
  class space    used 6515K, capacity 7633K, committed 7680K, reserved 1048576K
GC Heap History (20 events):
Event: 616.378 GC heap before
{Heap before GC invocations=294 (full 12):
 PSYoungGen      total 22016K, used 21896K [0x00000000eab00000, 0x00000000ed200000, 0x0000000100000000)
  eden space 11776K, 99% used [0x00000000eab00000,0x00000000eb668ff0,0x00000000eb680000)
  from space 10240K, 99% used [0x00000000ec300000,0x00000000eccf9060,0x00000000ecd00000)
  to   space 12800K, 0% used [0x00000000eb680000,0x00000000eb680000,0x00000000ec300000)
 ParOldGen       total 244736K, used 229526K [0x00000000c0000000, 0x00000000cef00000, 0x00000000eab00000)
  object space 244736K, 93% used [0x00000000c0000000,0x00000000ce0258b8,0x00000000cef00000)
 Metaspace       used 63585K, capacity 66617K, committed 66776K, reserved 1107968K
  class space    used 6495K, capacity 7627K, committed 7680K, reserved 1048576K
}
Event: 616.401 GC heap after
{Heap after GC invocations=294 (full 12):
 PSYoungGen      total 23040K, used 10756K [0x00000000eab00000, 0x00000000ecc80000, 0x0000000100000000)
  eden space 11776K, 0% used [0x00000000eab00000,0x00000000eab00000,0x00000000eb680000)
  from space 11264K, 95% used [0x00000000eb680000,0x00000000ec101078,0x00000000ec180000)
  to   space 11264K, 0% used [0x00000000ec180000,0x00000000ec180000,0x00000000ecc80000)
 ParOldGen       total 244736K, used 230199K [0x00000000c0000000, 0x00000000cef00000, 0x00000000eab00000)
  object space 244736K, 94% used [0x00000000c0000000,0x00000000ce0cdf40,0x00000000cef00000)
 Metaspace       used 63585K, capacity 66617K, committed 66776K, reserved 1107968K
  class space    used 6495K, capacity 7627K, committed 7680K, reserved 1048576K
}
Event: 617.177 GC heap before
{Heap before GC invocations=295 (full 12):
 PSYoungGen      total 23040K, used 22532K [0x00000000eab00000, 0x00000000ecc80000, 0x0000000100000000)
  eden space 11776K, 100% used [0x00000000eab00000,0x00000000eb680000,0x00000000eb680000)
  from space 11264K, 95% used [0x00000000eb680000,0x00000000ec101078,0x00000000ec180000)
  to   space 11264K, 0% used [0x00000000ec180000,0x00000000ec180000,0x00000000ecc80000)
 ParOldGen       total 244736K, used 230199K [0x00000000c0000000, 0x00000000cef00000, 0x00000000eab00000)
  object space 244736K, 94% used [0x00000000c0000000,0x00000000ce0cdf40,0x00000000cef00000)
 Metaspace       used 63616K, capacity 66617K, committed 66776K, reserved 1107968K
  class space    used 6495K, capacity 7627K, committed 7680K, reserved 1048576K
}
Event: 617.195 GC heap after
{Heap after GC invocations=295 (full 12):
 PSYoungGen      total 19968K, used 7784K [0x00000000eab00000, 0x00000000ec980000, 0x0000000100000000)
  eden space 11776K, 0% used [0x00000000eab00000,0x00000000eab00000,0x00000000eb680000)
  from space 8192K, 95% used [0x00000000ec180000,0x00000000ec91a0a8,0x00000000ec980000)
  to   space 9216K, 0% used [0x00000000eb780000,0x00000000eb780000,0x00000000ec080000)
 ParOldGen       total 244736K, used 230207K [0x00000000c0000000, 0x00000000cef00000, 0x00000000eab00000)
  object space 244736K, 94% used [0x00000000c0000000,0x00000000ce0cff40,0x00000000cef00000)
 Metaspace       used 63616K, capacity 66617K, committed 66776K, reserved 1107968K
  class space    used 6495K, capacity 7627K, committed 7680K, reserved 1048576K
}
Event: 617.750 GC heap before
{Heap before GC invocations=296 (full 12):
 PSYoungGen      total 19968K, used 19560K [0x00000000eab00000, 0x00000000ec980000, 0x0000000100000000)
  eden space 11776K, 100% used [0x00000000eab00000,0x00000000eb680000,0x00000000eb680000)
  from space 8192K, 95% used [0x00000000ec180000,0x00000000ec91a0a8,0x00000000ec980000)
  to   space 9216K, 0% used [0x00000000eb780000,0x00000000eb780000,0x00000000ec080000)
 ParOldGen       total 244736K, used 230207K [0x00000000c0000000, 0x00000000cef00000, 0x00000000eab00000)
  object space 244736K, 94% used [0x00000000c0000000,0x00000000ce0cff40,0x00000000cef00000)
 Metaspace       used 63657K, capacity 66617K, committed 66776K, reserved 1107968K
  class space    used 6497K, capacity 7627K, committed 7680K, reserved 1048576K
}
Event: 617.770 GC heap after
{Heap after GC invocations=296 (full 12):
 PSYoungGen      total 18944K, used 7048K [0x00000000eab00000, 0x00000000ec580000, 0x0000000100000000)
  eden space 11776K, 0% used [0x00000000eab00000,0x00000000eab00000,0x00000000eb680000)
  from space 7168K, 98% used [0x00000000eb780000,0x00000000ebe620a8,0x00000000ebe80000)
  to   space 7168K, 0% used [0x00000000ebe80000,0x00000000ebe80000,0x00000000ec580000)
 ParOldGen       total 244736K, used 230989K [0x00000000c0000000, 0x00000000cef00000, 0x00000000eab00000)
  object space 244736K, 94% used [0x00000000c0000000,0x00000000ce1935d0,0x00000000cef00000)
 Metaspace       used 63657K, capacity 66617K, committed 66776K, reserved 1107968K
  class space    used 6497K, capacity 7627K, committed 7680K, reserved 1048576K
}
Event: 618.329 GC heap before
{Heap before GC invocations=297 (full 12):
 PSYoungGen      total 18944K, used 18824K [0x00000000eab00000, 0x00000000ec580000, 0x0000000100000000)
  eden space 11776K, 100% used [0x00000000eab00000,0x00000000eb680000,0x00000000eb680000)
  from space 7168K, 98% used [0x00000000eb780000,0x00000000ebe620a8,0x00000000ebe80000)
  to   space 7168K, 0% used [0x00000000ebe80000,0x00000000ebe80000,0x00000000ec580000)
 ParOldGen       total 244736K, used 230989K [0x00000000c0000000, 0x00000000cef00000, 0x00000000eab00000)
  object space 244736K, 94% used [0x00000000c0000000,0x00000000ce1935d0,0x00000000cef00000)
 Metaspace       used 63684K, capacity 66681K, committed 66776K, reserved 1107968K
  class space    used 6499K, capacity 7627K, committed 7680K, reserved 1048576K
}
Event: 618.345 GC heap after
{Heap after GC invocations=297 (full 12):
 PSYoungGen      total 18944K, used 6952K [0x00000000eab00000, 0x00000000ec580000, 0x0000000100000000)
  eden space 11776K, 0% used [0x00000000eab00000,0x00000000eab00000,0x00000000eb680000)
  from space 7168K, 96% used [0x00000000ebe80000,0x00000000ec54a0a8,0x00000000ec580000)
  to   space 7168K, 0% used [0x00000000eb780000,0x00000000eb780000,0x00000000ebe80000)
 ParOldGen       total 244736K, used 231109K [0x00000000c0000000, 0x00000000cef00000, 0x00000000eab00000)
  object space 244736K, 94% used [0x00000000c0000000,0x00000000ce1b15d0,0x00000000cef00000)
 Metaspace       used 63684K, capacity 66681K, committed 66776K, reserved 1107968K
  class space    used 6499K, capacity 7627K, committed 7680K, reserved 1048576K
}
Event: 618.902 GC heap before
{Heap before GC invocations=298 (full 12):
 PSYoungGen      total 18944K, used 18728K [0x00000000eab00000, 0x00000000ec580000, 0x0000000100000000)
  eden space 11776K, 100% used [0x00000000eab00000,0x00000000eb680000,0x00000000eb680000)
  from space 7168K, 96% used [0x00000000ebe80000,0x00000000ec54a0a8,0x00000000ec580000)
  to   space 7168K, 0% used [0x00000000eb780000,0x00000000eb780000,0x00000000ebe80000)
 ParOldGen       total 244736K, used 231109K [0x00000000c0000000, 0x00000000cef00000, 0x00000000eab00000)
  object space 244736K, 94% used [0x00000000c0000000,0x00000000ce1b15d0,0x00000000cef00000)
 Metaspace       used 63699K, capacity 66681K, committed 66776K, reserved 1107968K
  class space    used 6499K, capacity 7627K, committed 7680K, reserved 1048576K
}
Event: 618.918 GC heap after
{Heap after GC invocations=298 (full 12):
 PSYoungGen      total 18944K, used 6959K [0x00000000eab00000, 0x00000000ec480000, 0x0000000100000000)
  eden space 11776K, 0% used [0x00000000eab00000,0x00000000eab00000,0x00000000eb680000)
  from space 7168K, 97% used [0x00000000eb780000,0x00000000ebe4bd88,0x00000000ebe80000)
  to   space 6144K, 0% used [0x00000000ebe80000,0x00000000ebe80000,0x00000000ec480000)
 ParOldGen       total 244736K, used 231261K [0x00000000c0000000, 0x00000000cef00000, 0x00000000eab00000)
  object space 244736K, 94% used [0x00000000c0000000,0x00000000ce1d75d0,0x00000000cef00000)
 Metaspace       used 63699K, capacity 66681K, committed 66776K, reserved 1107968K
  class space    used 6499K, capacity 7627K, committed 7680K, reserved 1048576K
}
Event: 619.848 GC heap before
{Heap before GC invocations=299 (full 12):
 PSYoungGen      total 18944K, used 18735K [0x00000000eab00000, 0x00000000ec480000, 0x0000000100000000)
  eden space 11776K, 100% used [0x00000000eab00000,0x00000000eb680000,0x00000000eb680000)
  from space 7168K, 97% used [0x00000000eb780000,0x00000000ebe4bd88,0x00000000ebe80000)
  to   space 6144K, 0% used [0x00000000ebe80000,0x00000000ebe80000,0x00000000ec480000)
 ParOldGen       total 244736K, used 231261K [0x00000000c0000000, 0x00000000cef00000, 0x00000000eab00000)
  object space 244736K, 94% used [0x00000000c0000000,0x00000000ce1d75d0,0x00000000cef00000)
 Metaspace       used 63906K, capacity 66888K, committed 67032K, reserved 1107968K
  class space    used 6513K, capacity 7632K, committed 7680K, reserved 1048576K
}
Event: 619.866 GC heap after
{Heap after GC invocations=299 (full 12):
 PSYoungGen      total 17920K, used 6024K [0x00000000eab00000, 0x00000000ec480000, 0x0000000100000000)
  eden space 11776K, 0% used [0x00000000eab00000,0x00000000eab00000,0x00000000eb680000)
  from space 6144K, 98% used [0x00000000ebe80000,0x00000000ec4620a8,0x00000000ec480000)
  to   space 6656K, 0% used [0x00000000eb780000,0x00000000eb780000,0x00000000ebe00000)
 ParOldGen       total 244736K, used 232101K [0x00000000c0000000, 0x00000000cef00000, 0x00000000eab00000)
  object space 244736K, 94% used [0x00000000c0000000,0x00000000ce2a95d0,0x00000000cef00000)
 Metaspace       used 63906K, capacity 66888K, committed 67032K, reserved 1107968K
  class space    used 6513K, capacity 7632K, committed 7680K, reserved 1048576K
}
Event: 620.415 GC heap before
{Heap before GC invocations=300 (full 12):
 PSYoungGen      total 17920K, used 17800K [0x00000000eab00000, 0x00000000ec480000, 0x0000000100000000)
  eden space 11776K, 100% used [0x00000000eab00000,0x00000000eb680000,0x00000000eb680000)
  from space 6144K, 98% used [0x00000000ebe80000,0x00000000ec4620a8,0x00000000ec480000)
  to   space 6656K, 0% used [0x00000000eb780000,0x00000000eb780000,0x00000000ebe00000)
 ParOldGen       total 244736K, used 232101K [0x00000000c0000000, 0x00000000cef00000, 0x00000000eab00000)
  object space 244736K, 94% used [0x00000000c0000000,0x00000000ce2a95d0,0x00000000cef00000)
 Metaspace       used 63942K, capacity 66888K, committed 67032K, reserved 1107968K
  class space    used 6514K, capacity 7632K, committed 7680K, reserved 1048576K
}
Event: 620.431 GC heap after
{Heap after GC invocations=300 (full 12):
 PSYoungGen      total 18432K, used 6632K [0x00000000eab00000, 0x00000000ec680000, 0x0000000100000000)
  eden space 11776K, 0% used [0x00000000eab00000,0x00000000eab00000,0x00000000eb680000)
  from space 6656K, 99% used [0x00000000eb780000,0x00000000ebdfa158,0x00000000ebe00000)
  to   space 8192K, 0% used [0x00000000ebe80000,0x00000000ebe80000,0x00000000ec680000)
 ParOldGen       total 244736K, used 233260K [0x00000000c0000000, 0x00000000cef00000, 0x00000000eab00000)
  object space 244736K, 95% used [0x00000000c0000000,0x00000000ce3cb128,0x00000000cef00000)
 Metaspace       used 63942K, capacity 66888K, committed 67032K, reserved 1107968K
  class space    used 6514K, capacity 7632K, committed 7680K, reserved 1048576K
}
Event: 621.134 GC heap before
{Heap before GC invocations=301 (full 12):
 PSYoungGen      total 18432K, used 18180K [0x00000000eab00000, 0x00000000ec680000, 0x0000000100000000)
  eden space 11776K, 98% used [0x00000000eab00000,0x00000000eb646fe8,0x00000000eb680000)
  from space 6656K, 99% used [0x00000000eb780000,0x00000000ebdfa158,0x00000000ebe00000)
  to   space 8192K, 0% used [0x00000000ebe80000,0x00000000ebe80000,0x00000000ec680000)
 ParOldGen       total 244736K, used 233260K [0x00000000c0000000, 0x00000000cef00000, 0x00000000eab00000)
  object space 244736K, 95% used [0x00000000c0000000,0x00000000ce3cb128,0x00000000cef00000)
 Metaspace       used 63970K, capacity 66955K, committed 67032K, reserved 1107968K
  class space    used 6515K, capacity 7633K, committed 7680K, reserved 1048576K
}
Event: 621.156 GC heap after
{Heap after GC invocations=301 (full 12):
 PSYoungGen      total 16384K, used 4602K [0x00000000eab00000, 0x00000000ec300000, 0x0000000100000000)
  eden space 11776K, 0% used [0x00000000eab00000,0x00000000eab00000,0x00000000eb680000)
  from space 4608K, 99% used [0x00000000ebe80000,0x00000000ec2fea10,0x00000000ec300000)
  to   space 6144K, 0% used [0x00000000eb700000,0x00000000eb700000,0x00000000ebd00000)
 ParOldGen       total 244736K, used 236300K [0x00000000c0000000, 0x00000000cef00000, 0x00000000eab00000)
  object space 244736K, 96% used [0x00000000c0000000,0x00000000ce6c31b0,0x00000000cef00000)
 Metaspace       used 63970K, capacity 66955K, committed 67032K, reserved 1107968K
  class space    used 6515K, capacity 7633K, committed 7680K, reserved 1048576K
}
Event: 622.546 GC heap before
{Heap before GC invocations=302 (full 12):
 PSYoungGen      total 16384K, used 16378K [0x00000000eab00000, 0x00000000ec300000, 0x0000000100000000)
  eden space 11776K, 100% used [0x00000000eab00000,0x00000000eb680000,0x00000000eb680000)
  from space 4608K, 99% used [0x00000000ebe80000,0x00000000ec2fea10,0x00000000ec300000)
  to   space 6144K, 0% used [0x00000000eb700000,0x00000000eb700000,0x00000000ebd00000)
 ParOldGen       total 244736K, used 236300K [0x00000000c0000000, 0x00000000cef00000, 0x00000000eab00000)
  object space 244736K, 96% used [0x00000000c0000000,0x00000000ce6c31b0,0x00000000cef00000)
 Metaspace       used 63991K, capacity 66955K, committed 67032K, reserved 1107968K
  class space    used 6515K, capacity 7633K, committed 7680K, reserved 1048576K
}
Event: 622.555 GC heap after
{Heap after GC invocations=302 (full 12):
 PSYoungGen      total 13824K, used 1952K [0x00000000eab00000, 0x00000000ebf00000, 0x0000000100000000)
  eden space 11776K, 0% used [0x00000000eab00000,0x00000000eab00000,0x00000000eb680000)
  from space 2048K, 95% used [0x00000000eb700000,0x00000000eb8e8010,0x00000000eb900000)
  to   space 3584K, 0% used [0x00000000ebb80000,0x00000000ebb80000,0x00000000ebf00000)
 ParOldGen       total 244736K, used 236300K [0x00000000c0000000, 0x00000000cef00000, 0x00000000eab00000)
  object space 244736K, 96% used [0x00000000c0000000,0x00000000ce6c31b0,0x00000000cef00000)
 Metaspace       used 63991K, capacity 66955K, committed 67032K, reserved 1107968K
  class space    used 6515K, capacity 7633K, committed 7680K, reserved 1048576K
}
Event: 623.096 GC heap before
{Heap before GC invocations=303 (full 12):
 PSYoungGen      total 13824K, used 13728K [0x00000000eab00000, 0x00000000ebf00000, 0x0000000100000000)
  eden space 11776K, 100% used [0x00000000eab00000,0x00000000eb680000,0x00000000eb680000)
  from space 2048K, 95% used [0x00000000eb700000,0x00000000eb8e8010,0x00000000eb900000)
  to   space 3584K, 0% used [0x00000000ebb80000,0x00000000ebb80000,0x00000000ebf00000)
 ParOldGen       total 244736K, used 236300K [0x00000000c0000000, 0x00000000cef00000, 0x00000000eab00000)
  object space 244736K, 96% used [0x00000000c0000000,0x00000000ce6c31b0,0x00000000cef00000)
 Metaspace       used 64035K, capacity 66955K, committed 67032K, reserved 1107968K
  class space    used 6515K, capacity 7633K, committed 7680K, reserved 1048576K
}
Event: 623.104 GC heap after
{Heap after GC invocations=303 (full 12):
 PSYoungGen      total 13312K, used 1408K [0x00000000eab00000, 0x00000000ebd00000, 0x0000000100000000)
  eden space 11776K, 0% used [0x00000000eab00000,0x00000000eab00000,0x00000000eb680000)
  from space 1536K, 91% used [0x00000000ebb80000,0x00000000ebce0010,0x00000000ebd00000)
  to   space 2048K, 0% used [0x00000000eb900000,0x00000000eb900000,0x00000000ebb00000)
 ParOldGen       total 244736K, used 236968K [0x00000000c0000000, 0x00000000cef00000, 0x00000000eab00000)
  object space 244736K, 96% used [0x00000000c0000000,0x00000000ce76a1c0,0x00000000cef00000)
 Metaspace       used 64035K, capacity 66955K, committed 67032K, reserved 1107968K
  class space    used 6515K, capacity 7633K, committed 7680K, reserved 1048576K
}

